  source.c
c:\users\xiangyang he\source\repos\studentmanagement\studentmanagement\students.h(28): error C4996: 'strcpy': This function or variable may be unsafe. Consider using strcpy_s instead. To disable deprecation, use _CRT_SECURE_NO_WARNINGS. See online help for details.
c:\users\xiangyang he\source\repos\studentmanagement\studentmanagement\students.h(16): error C4996: 'fopen': This function or variable may be unsafe. Consider using fopen_s instead. To disable deprecation, use _CRT_SECURE_NO_WARNINGS. See online help for details.
  d:\windows kits\10\include\10.0.17763.0\ucrt\stdio.h(208): note: 参见“fopen”的声明
c:\users\xiangyang he\source\repos\studentmanagement\studentmanagement\students.h(26): error C4996: 'fscanf': This function or variable may be unsafe. Consider using fscanf_s instead. To disable deprecation, use _CRT_SECURE_NO_WARNINGS. See online help for details.
  d:\windows kits\10\include\10.0.17763.0\ucrt\stdio.h(1197): note: 参见“fscanf”的声明
c:\users\xiangyang he\source\repos\studentmanagement\studentmanagement\students.h(29): error C4996: 'fscanf': This function or variable may be unsafe. Consider using fscanf_s instead. To disable deprecation, use _CRT_SECURE_NO_WARNINGS. See online help for details.
  d:\windows kits\10\include\10.0.17763.0\ucrt\stdio.h(1197): note: 参见“fscanf”的声明
c:\users\xiangyang he\source\repos\studentmanagement\studentmanagement\students.h(30): error C4996: 'fscanf': This function or variable may be unsafe. Consider using fscanf_s instead. To disable deprecation, use _CRT_SECURE_NO_WARNINGS. See online help for details.
  d:\windows kits\10\include\10.0.17763.0\ucrt\stdio.h(1197): note: 参见“fscanf”的声明
c:\users\xiangyang he\source\repos\studentmanagement\studentmanagement\students.h(57): error C4996: 'strcpy': This function or variable may be unsafe. Consider using strcpy_s instead. To disable deprecation, use _CRT_SECURE_NO_WARNINGS. See online help for details.
c:\users\xiangyang he\source\repos\studentmanagement\studentmanagement\students.h(58): error C4996: 'strcpy': This function or variable may be unsafe. Consider using strcpy_s instead. To disable deprecation, use _CRT_SECURE_NO_WARNINGS. See online help for details.
c:\users\xiangyang he\source\repos\studentmanagement\studentmanagement\students.h(59): error C4996: 'strcpy': This function or variable may be unsafe. Consider using strcpy_s instead. To disable deprecation, use _CRT_SECURE_NO_WARNINGS. See online help for details.
c:\users\xiangyang he\source\repos\studentmanagement\studentmanagement\students.h(95): error C4996: 'strcpy': This function or variable may be unsafe. Consider using strcpy_s instead. To disable deprecation, use _CRT_SECURE_NO_WARNINGS. See online help for details.
c:\users\xiangyang he\source\repos\studentmanagement\studentmanagement\students.h(96): error C4996: 'strcpy': This function or variable may be unsafe. Consider using strcpy_s instead. To disable deprecation, use _CRT_SECURE_NO_WARNINGS. See online help for details.
c:\users\xiangyang he\source\repos\studentmanagement\studentmanagement\students.h(97): error C4996: 'strcpy': This function or variable may be unsafe. Consider using strcpy_s instead. To disable deprecation, use _CRT_SECURE_NO_WARNINGS. See online help for details.
c:\users\xiangyang he\source\repos\studentmanagement\studentmanagement\students.h(119): error C4996: 'fopen': This function or variable may be unsafe. Consider using fopen_s instead. To disable deprecation, use _CRT_SECURE_NO_WARNINGS. See online help for details.
  d:\windows kits\10\include\10.0.17763.0\ucrt\stdio.h(208): note: 参见“fopen”的声明
c:\users\xiangyang he\source\repos\studentmanagement\studentmanagement\class.h(27): error C4996: 'strcpy': This function or variable may be unsafe. Consider using strcpy_s instead. To disable deprecation, use _CRT_SECURE_NO_WARNINGS. See online help for details.
c:\users\xiangyang he\source\repos\studentmanagement\studentmanagement\class.h(18): error C4996: 'fopen': This function or variable may be unsafe. Consider using fopen_s instead. To disable deprecation, use _CRT_SECURE_NO_WARNINGS. See online help for details.
  d:\windows kits\10\include\10.0.17763.0\ucrt\stdio.h(208): note: 参见“fopen”的声明
c:\users\xiangyang he\source\repos\studentmanagement\studentmanagement\class.h(25): error C4996: 'fscanf': This function or variable may be unsafe. Consider using fscanf_s instead. To disable deprecation, use _CRT_SECURE_NO_WARNINGS. See online help for details.
  d:\windows kits\10\include\10.0.17763.0\ucrt\stdio.h(1197): note: 参见“fscanf”的声明
c:\users\xiangyang he\source\repos\studentmanagement\studentmanagement\class.h(63): error C4996: 'strcpy': This function or variable may be unsafe. Consider using strcpy_s instead. To disable deprecation, use _CRT_SECURE_NO_WARNINGS. See online help for details.
c:\users\xiangyang he\source\repos\studentmanagement\studentmanagement\class.h(73): error C4996: 'strcpy': This function or variable may be unsafe. Consider using strcpy_s instead. To disable deprecation, use _CRT_SECURE_NO_WARNINGS. See online help for details.
c:\users\xiangyang he\source\repos\studentmanagement\studentmanagement\class.h(81): error C4996: 'strcpy': This function or variable may be unsafe. Consider using strcpy_s instead. To disable deprecation, use _CRT_SECURE_NO_WARNINGS. See online help for details.
c:\users\xiangyang he\source\repos\studentmanagement\studentmanagement\class.h(88): error C4996: 'fopen': This function or variable may be unsafe. Consider using fopen_s instead. To disable deprecation, use _CRT_SECURE_NO_WARNINGS. See online help for details.
  d:\windows kits\10\include\10.0.17763.0\ucrt\stdio.h(208): note: 参见“fopen”的声明
c:\users\xiangyang he\source\repos\studentmanagement\studentmanagement\homework.h(32): error C4996: 'localtime': This function or variable may be unsafe. Consider using localtime_s instead. To disable deprecation, use _CRT_SECURE_NO_WARNINGS. See online help for details.
  d:\windows kits\10\include\10.0.17763.0\ucrt\time.h(506): note: 参见“localtime”的声明
c:\users\xiangyang he\source\repos\studentmanagement\studentmanagement\homework.h(41): error C4996: 'strncat': This function or variable may be unsafe. Consider using strncat_s instead. To disable deprecation, use _CRT_SECURE_NO_WARNINGS. See online help for details.
  d:\windows kits\10\include\10.0.17763.0\ucrt\string.h(266): note: 参见“strncat”的声明
c:\users\xiangyang he\source\repos\studentmanagement\studentmanagement\homework.h(42): error C4996: 'strncat': This function or variable may be unsafe. Consider using strncat_s instead. To disable deprecation, use _CRT_SECURE_NO_WARNINGS. See online help for details.
  d:\windows kits\10\include\10.0.17763.0\ucrt\string.h(266): note: 参见“strncat”的声明
c:\users\xiangyang he\source\repos\studentmanagement\studentmanagement\homework.h(43): error C4996: 'strncat': This function or variable may be unsafe. Consider using strncat_s instead. To disable deprecation, use _CRT_SECURE_NO_WARNINGS. See online help for details.
  d:\windows kits\10\include\10.0.17763.0\ucrt\string.h(266): note: 参见“strncat”的声明
c:\users\xiangyang he\source\repos\studentmanagement\studentmanagement\homework.h(70): error C4996: 'strcpy': This function or variable may be unsafe. Consider using strcpy_s instead. To disable deprecation, use _CRT_SECURE_NO_WARNINGS. See online help for details.
c:\users\xiangyang he\source\repos\studentmanagement\studentmanagement\homework.h(57): error C4996: 'fopen': This function or variable may be unsafe. Consider using fopen_s instead. To disable deprecation, use _CRT_SECURE_NO_WARNINGS. See online help for details.
  d:\windows kits\10\include\10.0.17763.0\ucrt\stdio.h(208): note: 参见“fopen”的声明
c:\users\xiangyang he\source\repos\studentmanagement\studentmanagement\homework.h(68): error C4996: 'fscanf': This function or variable may be unsafe. Consider using fscanf_s instead. To disable deprecation, use _CRT_SECURE_NO_WARNINGS. See online help for details.
  d:\windows kits\10\include\10.0.17763.0\ucrt\stdio.h(1197): note: 参见“fscanf”的声明
c:\users\xiangyang he\source\repos\studentmanagement\studentmanagement\homework.h(71): error C4996: 'fscanf': This function or variable may be unsafe. Consider using fscanf_s instead. To disable deprecation, use _CRT_SECURE_NO_WARNINGS. See online help for details.
  d:\windows kits\10\include\10.0.17763.0\ucrt\stdio.h(1197): note: 参见“fscanf”的声明
c:\users\xiangyang he\source\repos\studentmanagement\studentmanagement\homework.h(73): error C4996: 'fscanf': This function or variable may be unsafe. Consider using fscanf_s instead. To disable deprecation, use _CRT_SECURE_NO_WARNINGS. See online help for details.
  d:\windows kits\10\include\10.0.17763.0\ucrt\stdio.h(1197): note: 参见“fscanf”的声明
c:\users\xiangyang he\source\repos\studentmanagement\studentmanagement\homework.h(74): error C4996: 'fscanf': This function or variable may be unsafe. Consider using fscanf_s instead. To disable deprecation, use _CRT_SECURE_NO_WARNINGS. See online help for details.
  d:\windows kits\10\include\10.0.17763.0\ucrt\stdio.h(1197): note: 参见“fscanf”的声明
c:\users\xiangyang he\source\repos\studentmanagement\studentmanagement\homework.h(76): error C4996: 'fscanf': This function or variable may be unsafe. Consider using fscanf_s instead. To disable deprecation, use _CRT_SECURE_NO_WARNINGS. See online help for details.
  d:\windows kits\10\include\10.0.17763.0\ucrt\stdio.h(1197): note: 参见“fscanf”的声明
c:\users\xiangyang he\source\repos\studentmanagement\studentmanagement\homework.h(77): error C4996: 'fscanf': This function or variable may be unsafe. Consider using fscanf_s instead. To disable deprecation, use _CRT_SECURE_NO_WARNINGS. See online help for details.
  d:\windows kits\10\include\10.0.17763.0\ucrt\stdio.h(1197): note: 参见“fscanf”的声明
c:\users\xiangyang he\source\repos\studentmanagement\studentmanagement\homework.h(78): error C4996: 'fscanf': This function or variable may be unsafe. Consider using fscanf_s instead. To disable deprecation, use _CRT_SECURE_NO_WARNINGS. See online help for details.
  d:\windows kits\10\include\10.0.17763.0\ucrt\stdio.h(1197): note: 参见“fscanf”的声明
c:\users\xiangyang he\source\repos\studentmanagement\studentmanagement\homework.h(140): error C4996: 'strcpy': This function or variable may be unsafe. Consider using strcpy_s instead. To disable deprecation, use _CRT_SECURE_NO_WARNINGS. See online help for details.
c:\users\xiangyang he\source\repos\studentmanagement\studentmanagement\homework.h(141): error C4996: 'strcpy': This function or variable may be unsafe. Consider using strcpy_s instead. To disable deprecation, use _CRT_SECURE_NO_WARNINGS. See online help for details.
c:\users\xiangyang he\source\repos\studentmanagement\studentmanagement\homework.h(142): error C4996: 'strcpy': This function or variable may be unsafe. Consider using strcpy_s instead. To disable deprecation, use _CRT_SECURE_NO_WARNINGS. See online help for details.
c:\users\xiangyang he\source\repos\studentmanagement\studentmanagement\homework.h(144): error C4996: 'strcpy': This function or variable may be unsafe. Consider using strcpy_s instead. To disable deprecation, use _CRT_SECURE_NO_WARNINGS. See online help for details.
c:\users\xiangyang he\source\repos\studentmanagement\studentmanagement\homework.h(145): error C4996: 'strcpy': This function or variable may be unsafe. Consider using strcpy_s instead. To disable deprecation, use _CRT_SECURE_NO_WARNINGS. See online help for details.
c:\users\xiangyang he\source\repos\studentmanagement\studentmanagement\homework.h(146): error C4996: 'strcpy': This function or variable may be unsafe. Consider using strcpy_s instead. To disable deprecation, use _CRT_SECURE_NO_WARNINGS. See online help for details.
c:\users\xiangyang he\source\repos\studentmanagement\studentmanagement\homework.h(147): error C4996: 'strcpy': This function or variable may be unsafe. Consider using strcpy_s instead. To disable deprecation, use _CRT_SECURE_NO_WARNINGS. See online help for details.
c:\users\xiangyang he\source\repos\studentmanagement\studentmanagement\homework.h(184): error C4996: 'strcpy': This function or variable may be unsafe. Consider using strcpy_s instead. To disable deprecation, use _CRT_SECURE_NO_WARNINGS. See online help for details.
c:\users\xiangyang he\source\repos\studentmanagement\studentmanagement\homework.h(185): error C4996: 'strcpy': This function or variable may be unsafe. Consider using strcpy_s instead. To disable deprecation, use _CRT_SECURE_NO_WARNINGS. See online help for details.
c:\users\xiangyang he\source\repos\studentmanagement\studentmanagement\homework.h(187): error C4996: 'strcpy': This function or variable may be unsafe. Consider using strcpy_s instead. To disable deprecation, use _CRT_SECURE_NO_WARNINGS. See online help for details.
c:\users\xiangyang he\source\repos\studentmanagement\studentmanagement\homework.h(188): error C4996: 'strcpy': This function or variable may be unsafe. Consider using strcpy_s instead. To disable deprecation, use _CRT_SECURE_NO_WARNINGS. See online help for details.
c:\users\xiangyang he\source\repos\studentmanagement\studentmanagement\homework.h(189): error C4996: 'strcpy': This function or variable may be unsafe. Consider using strcpy_s instead. To disable deprecation, use _CRT_SECURE_NO_WARNINGS. See online help for details.
c:\users\xiangyang he\source\repos\studentmanagement\studentmanagement\homework.h(190): error C4996: 'strcpy': This function or variable may be unsafe. Consider using strcpy_s instead. To disable deprecation, use _CRT_SECURE_NO_WARNINGS. See online help for details.
c:\users\xiangyang he\source\repos\studentmanagement\studentmanagement\homework.h(191): error C4996: 'strcpy': This function or variable may be unsafe. Consider using strcpy_s instead. To disable deprecation, use _CRT_SECURE_NO_WARNINGS. See online help for details.
c:\users\xiangyang he\source\repos\studentmanagement\studentmanagement\homework.h(248): error C4996: 'strcpy': This function or variable may be unsafe. Consider using strcpy_s instead. To disable deprecation, use _CRT_SECURE_NO_WARNINGS. See online help for details.
c:\users\xiangyang he\source\repos\studentmanagement\studentmanagement\homework.h(249): error C4996: 'strcpy': This function or variable may be unsafe. Consider using strcpy_s instead. To disable deprecation, use _CRT_SECURE_NO_WARNINGS. See online help for details.
c:\users\xiangyang he\source\repos\studentmanagement\studentmanagement\homework.h(250): error C4996: 'strcpy': This function or variable may be unsafe. Consider using strcpy_s instead. To disable deprecation, use _CRT_SECURE_NO_WARNINGS. See online help for details.
c:\users\xiangyang he\source\repos\studentmanagement\studentmanagement\homework.h(251): error C4996: 'strcpy': This function or variable may be unsafe. Consider using strcpy_s instead. To disable deprecation, use _CRT_SECURE_NO_WARNINGS. See online help for details.
c:\users\xiangyang he\source\repos\studentmanagement\studentmanagement\homework.h(252): error C4996: 'strcpy': This function or variable may be unsafe. Consider using strcpy_s instead. To disable deprecation, use _CRT_SECURE_NO_WARNINGS. See online help for details.
c:\users\xiangyang he\source\repos\studentmanagement\studentmanagement\homework.h(253): error C4996: 'strcpy': This function or variable may be unsafe. Consider using strcpy_s instead. To disable deprecation, use _CRT_SECURE_NO_WARNINGS. See online help for details.
c:\users\xiangyang he\source\repos\studentmanagement\studentmanagement\homework.h(254): error C4996: 'strcpy': This function or variable may be unsafe. Consider using strcpy_s instead. To disable deprecation, use _CRT_SECURE_NO_WARNINGS. See online help for details.
c:\users\xiangyang he\source\repos\studentmanagement\studentmanagement\homework.h(256): error C4996: 'strcpy': This function or variable may be unsafe. Consider using strcpy_s instead. To disable deprecation, use _CRT_SECURE_NO_WARNINGS. See online help for details.
c:\users\xiangyang he\source\repos\studentmanagement\studentmanagement\homework.h(257): error C4996: 'strcpy': This function or variable may be unsafe. Consider using strcpy_s instead. To disable deprecation, use _CRT_SECURE_NO_WARNINGS. See online help for details.
c:\users\xiangyang he\source\repos\studentmanagement\studentmanagement\homework.h(258): error C4996: 'strcpy': This function or variable may be unsafe. Consider using strcpy_s instead. To disable deprecation, use _CRT_SECURE_NO_WARNINGS. See online help for details.
c:\users\xiangyang he\source\repos\studentmanagement\studentmanagement\homework.h(259): error C4996: 'strcpy': This function or variable may be unsafe. Consider using strcpy_s instead. To disable deprecation, use _CRT_SECURE_NO_WARNINGS. See online help for details.
c:\users\xiangyang he\source\repos\studentmanagement\studentmanagement\homework.h(260): error C4996: 'strcpy': This function or variable may be unsafe. Consider using strcpy_s instead. To disable deprecation, use _CRT_SECURE_NO_WARNINGS. See online help for details.
c:\users\xiangyang he\source\repos\studentmanagement\studentmanagement\homework.h(261): error C4996: 'strcpy': This function or variable may be unsafe. Consider using strcpy_s instead. To disable deprecation, use _CRT_SECURE_NO_WARNINGS. See online help for details.
c:\users\xiangyang he\source\repos\studentmanagement\studentmanagement\homework.h(262): error C4996: 'strcpy': This function or variable may be unsafe. Consider using strcpy_s instead. To disable deprecation, use _CRT_SECURE_NO_WARNINGS. See online help for details.
c:\users\xiangyang he\source\repos\studentmanagement\studentmanagement\homework.h(264): error C4996: 'strcpy': This function or variable may be unsafe. Consider using strcpy_s instead. To disable deprecation, use _CRT_SECURE_NO_WARNINGS. See online help for details.
c:\users\xiangyang he\source\repos\studentmanagement\studentmanagement\homework.h(265): error C4996: 'strcpy': This function or variable may be unsafe. Consider using strcpy_s instead. To disable deprecation, use _CRT_SECURE_NO_WARNINGS. See online help for details.
c:\users\xiangyang he\source\repos\studentmanagement\studentmanagement\homework.h(266): error C4996: 'strcpy': This function or variable may be unsafe. Consider using strcpy_s instead. To disable deprecation, use _CRT_SECURE_NO_WARNINGS. See online help for details.
c:\users\xiangyang he\source\repos\studentmanagement\studentmanagement\homework.h(267): error C4996: 'strcpy': This function or variable may be unsafe. Consider using strcpy_s instead. To disable deprecation, use _CRT_SECURE_NO_WARNINGS. See online help for details.
c:\users\xiangyang he\source\repos\studentmanagement\studentmanagement\homework.h(268): error C4996: 'strcpy': This function or variable may be unsafe. Consider using strcpy_s instead. To disable deprecation, use _CRT_SECURE_NO_WARNINGS. See online help for details.
c:\users\xiangyang he\source\repos\studentmanagement\studentmanagement\homework.h(269): error C4996: 'strcpy': This function or variable may be unsafe. Consider using strcpy_s instead. To disable deprecation, use _CRT_SECURE_NO_WARNINGS. See online help for details.
c:\users\xiangyang he\source\repos\studentmanagement\studentmanagement\homework.h(270): error C4996: 'strcpy': This function or variable may be unsafe. Consider using strcpy_s instead. To disable deprecation, use _CRT_SECURE_NO_WARNINGS. See online help for details.
c:\users\xiangyang he\source\repos\studentmanagement\studentmanagement\homework.h(279): error C4996: 'fopen': This function or variable may be unsafe. Consider using fopen_s instead. To disable deprecation, use _CRT_SECURE_NO_WARNINGS. See online help for details.
  d:\windows kits\10\include\10.0.17763.0\ucrt\stdio.h(208): note: 参见“fopen”的声明
c:\users\xiangyang he\source\repos\studentmanagement\studentmanagement\submission.h(31): error C4996: 'strcpy': This function or variable may be unsafe. Consider using strcpy_s instead. To disable deprecation, use _CRT_SECURE_NO_WARNINGS. See online help for details.
c:\users\xiangyang he\source\repos\studentmanagement\studentmanagement\submission.h(18): error C4996: 'fopen': This function or variable may be unsafe. Consider using fopen_s instead. To disable deprecation, use _CRT_SECURE_NO_WARNINGS. See online help for details.
  d:\windows kits\10\include\10.0.17763.0\ucrt\stdio.h(208): note: 参见“fopen”的声明
c:\users\xiangyang he\source\repos\studentmanagement\studentmanagement\submission.h(29): error C4996: 'fscanf': This function or variable may be unsafe. Consider using fscanf_s instead. To disable deprecation, use _CRT_SECURE_NO_WARNINGS. See online help for details.
  d:\windows kits\10\include\10.0.17763.0\ucrt\stdio.h(1197): note: 参见“fscanf”的声明
c:\users\xiangyang he\source\repos\studentmanagement\studentmanagement\submission.h(32): error C4996: 'fscanf': This function or variable may be unsafe. Consider using fscanf_s instead. To disable deprecation, use _CRT_SECURE_NO_WARNINGS. See online help for details.
  d:\windows kits\10\include\10.0.17763.0\ucrt\stdio.h(1197): note: 参见“fscanf”的声明
c:\users\xiangyang he\source\repos\studentmanagement\studentmanagement\submission.h(34): error C4996: 'fscanf': This function or variable may be unsafe. Consider using fscanf_s instead. To disable deprecation, use _CRT_SECURE_NO_WARNINGS. See online help for details.
  d:\windows kits\10\include\10.0.17763.0\ucrt\stdio.h(1197): note: 参见“fscanf”的声明
c:\users\xiangyang he\source\repos\studentmanagement\studentmanagement\submission.h(35): error C4996: 'fscanf': This function or variable may be unsafe. Consider using fscanf_s instead. To disable deprecation, use _CRT_SECURE_NO_WARNINGS. See online help for details.
  d:\windows kits\10\include\10.0.17763.0\ucrt\stdio.h(1197): note: 参见“fscanf”的声明
c:\users\xiangyang he\source\repos\studentmanagement\studentmanagement\submission.h(36): error C4996: 'fscanf': This function or variable may be unsafe. Consider using fscanf_s instead. To disable deprecation, use _CRT_SECURE_NO_WARNINGS. See online help for details.
  d:\windows kits\10\include\10.0.17763.0\ucrt\stdio.h(1197): note: 参见“fscanf”的声明
c:\users\xiangyang he\source\repos\studentmanagement\studentmanagement\submission.h(37): error C4996: 'fscanf': This function or variable may be unsafe. Consider using fscanf_s instead. To disable deprecation, use _CRT_SECURE_NO_WARNINGS. See online help for details.
  d:\windows kits\10\include\10.0.17763.0\ucrt\stdio.h(1197): note: 参见“fscanf”的声明
c:\users\xiangyang he\source\repos\studentmanagement\studentmanagement\submission.h(38): error C4996: 'fscanf': This function or variable may be unsafe. Consider using fscanf_s instead. To disable deprecation, use _CRT_SECURE_NO_WARNINGS. See online help for details.
  d:\windows kits\10\include\10.0.17763.0\ucrt\stdio.h(1197): note: 参见“fscanf”的声明
c:\users\xiangyang he\source\repos\studentmanagement\studentmanagement\submission.h(119): error C4996: 'strcpy': This function or variable may be unsafe. Consider using strcpy_s instead. To disable deprecation, use _CRT_SECURE_NO_WARNINGS. See online help for details.
c:\users\xiangyang he\source\repos\studentmanagement\studentmanagement\submission.h(120): error C4996: 'strcpy': This function or variable may be unsafe. Consider using strcpy_s instead. To disable deprecation, use _CRT_SECURE_NO_WARNINGS. See online help for details.
c:\users\xiangyang he\source\repos\studentmanagement\studentmanagement\submission.h(121): error C4996: 'strcpy': This function or variable may be unsafe. Consider using strcpy_s instead. To disable deprecation, use _CRT_SECURE_NO_WARNINGS. See online help for details.
c:\users\xiangyang he\source\repos\studentmanagement\studentmanagement\submission.h(123): error C4996: 'strcpy': This function or variable may be unsafe. Consider using strcpy_s instead. To disable deprecation, use _CRT_SECURE_NO_WARNINGS. See online help for details.
c:\users\xiangyang he\source\repos\studentmanagement\studentmanagement\submission.h(124): error C4996: 'strcpy': This function or variable may be unsafe. Consider using strcpy_s instead. To disable deprecation, use _CRT_SECURE_NO_WARNINGS. See online help for details.
c:\users\xiangyang he\source\repos\studentmanagement\studentmanagement\submission.h(125): error C4996: 'strcpy': This function or variable may be unsafe. Consider using strcpy_s instead. To disable deprecation, use _CRT_SECURE_NO_WARNINGS. See online help for details.
c:\users\xiangyang he\source\repos\studentmanagement\studentmanagement\submission.h(126): error C4996: 'strcpy': This function or variable may be unsafe. Consider using strcpy_s instead. To disable deprecation, use _CRT_SECURE_NO_WARNINGS. See online help for details.
c:\users\xiangyang he\source\repos\studentmanagement\studentmanagement\submission.h(163): error C4996: 'strcpy': This function or variable may be unsafe. Consider using strcpy_s instead. To disable deprecation, use _CRT_SECURE_NO_WARNINGS. See online help for details.
c:\users\xiangyang he\source\repos\studentmanagement\studentmanagement\submission.h(164): error C4996: 'strcpy': This function or variable may be unsafe. Consider using strcpy_s instead. To disable deprecation, use _CRT_SECURE_NO_WARNINGS. See online help for details.
c:\users\xiangyang he\source\repos\studentmanagement\studentmanagement\submission.h(165): error C4996: 'strcpy': This function or variable may be unsafe. Consider using strcpy_s instead. To disable deprecation, use _CRT_SECURE_NO_WARNINGS. See online help for details.
c:\users\xiangyang he\source\repos\studentmanagement\studentmanagement\submission.h(167): error C4996: 'strcpy': This function or variable may be unsafe. Consider using strcpy_s instead. To disable deprecation, use _CRT_SECURE_NO_WARNINGS. See online help for details.
c:\users\xiangyang he\source\repos\studentmanagement\studentmanagement\submission.h(168): error C4996: 'strcpy': This function or variable may be unsafe. Consider using strcpy_s instead. To disable deprecation, use _CRT_SECURE_NO_WARNINGS. See online help for details.
c:\users\xiangyang he\source\repos\studentmanagement\studentmanagement\submission.h(169): error C4996: 'strcpy': This function or variable may be unsafe. Consider using strcpy_s instead. To disable deprecation, use _CRT_SECURE_NO_WARNINGS. See online help for details.
c:\users\xiangyang he\source\repos\studentmanagement\studentmanagement\submission.h(170): error C4996: 'strcpy': This function or variable may be unsafe. Consider using strcpy_s instead. To disable deprecation, use _CRT_SECURE_NO_WARNINGS. See online help for details.
c:\users\xiangyang he\source\repos\studentmanagement\studentmanagement\submission.h(249): error C4996: 'strcpy': This function or variable may be unsafe. Consider using strcpy_s instead. To disable deprecation, use _CRT_SECURE_NO_WARNINGS. See online help for details.
c:\users\xiangyang he\source\repos\studentmanagement\studentmanagement\submission.h(250): error C4996: 'strcpy': This function or variable may be unsafe. Consider using strcpy_s instead. To disable deprecation, use _CRT_SECURE_NO_WARNINGS. See online help for details.
c:\users\xiangyang he\source\repos\studentmanagement\studentmanagement\submission.h(251): error C4996: 'strcpy': This function or variable may be unsafe. Consider using strcpy_s instead. To disable deprecation, use _CRT_SECURE_NO_WARNINGS. See online help for details.
c:\users\xiangyang he\source\repos\studentmanagement\studentmanagement\submission.h(252): error C4996: 'strcpy': This function or variable may be unsafe. Consider using strcpy_s instead. To disable deprecation, use _CRT_SECURE_NO_WARNINGS. See online help for details.
c:\users\xiangyang he\source\repos\studentmanagement\studentmanagement\submission.h(253): error C4996: 'strcpy': This function or variable may be unsafe. Consider using strcpy_s instead. To disable deprecation, use _CRT_SECURE_NO_WARNINGS. See online help for details.
c:\users\xiangyang he\source\repos\studentmanagement\studentmanagement\submission.h(254): error C4996: 'strcpy': This function or variable may be unsafe. Consider using strcpy_s instead. To disable deprecation, use _CRT_SECURE_NO_WARNINGS. See online help for details.
c:\users\xiangyang he\source\repos\studentmanagement\studentmanagement\submission.h(255): error C4996: 'strcpy': This function or variable may be unsafe. Consider using strcpy_s instead. To disable deprecation, use _CRT_SECURE_NO_WARNINGS. See online help for details.
c:\users\xiangyang he\source\repos\studentmanagement\studentmanagement\submission.h(257): error C4996: 'strcpy': This function or variable may be unsafe. Consider using strcpy_s instead. To disable deprecation, use _CRT_SECURE_NO_WARNINGS. See online help for details.
c:\users\xiangyang he\source\repos\studentmanagement\studentmanagement\submission.h(258): error C4996: 'strcpy': This function or variable may be unsafe. Consider using strcpy_s instead. To disable deprecation, use _CRT_SECURE_NO_WARNINGS. See online help for details.
c:\users\xiangyang he\source\repos\studentmanagement\studentmanagement\submission.h(259): error C4996: 'strcpy': This function or variable may be unsafe. Consider using strcpy_s instead. To disable deprecation, use _CRT_SECURE_NO_WARNINGS. See online help for details.
c:\users\xiangyang he\source\repos\studentmanagement\studentmanagement\submission.h(260): error C4996: 'strcpy': This function or variable may be unsafe. Consider using strcpy_s instead. To disable deprecation, use _CRT_SECURE_NO_WARNINGS. See online help for details.
c:\users\xiangyang he\source\repos\studentmanagement\studentmanagement\submission.h(261): error C4996: 'strcpy': This function or variable may be unsafe. Consider using strcpy_s instead. To disable deprecation, use _CRT_SECURE_NO_WARNINGS. See online help for details.
c:\users\xiangyang he\source\repos\studentmanagement\studentmanagement\submission.h(262): error C4996: 'strcpy': This function or variable may be unsafe. Consider using strcpy_s instead. To disable deprecation, use _CRT_SECURE_NO_WARNINGS. See online help for details.
c:\users\xiangyang he\source\repos\studentmanagement\studentmanagement\submission.h(263): error C4996: 'strcpy': This function or variable may be unsafe. Consider using strcpy_s instead. To disable deprecation, use _CRT_SECURE_NO_WARNINGS. See online help for details.
c:\users\xiangyang he\source\repos\studentmanagement\studentmanagement\submission.h(265): error C4996: 'strcpy': This function or variable may be unsafe. Consider using strcpy_s instead. To disable deprecation, use _CRT_SECURE_NO_WARNINGS. See online help for details.
c:\users\xiangyang he\source\repos\studentmanagement\studentmanagement\submission.h(266): error C4996: 'strcpy': This function or variable may be unsafe. Consider using strcpy_s instead. To disable deprecation, use _CRT_SECURE_NO_WARNINGS. See online help for details.
c:\users\xiangyang he\source\repos\studentmanagement\studentmanagement\submission.h(267): error C4996: 'strcpy': This function or variable may be unsafe. Consider using strcpy_s instead. To disable deprecation, use _CRT_SECURE_NO_WARNINGS. See online help for details.
c:\users\xiangyang he\source\repos\studentmanagement\studentmanagement\submission.h(268): error C4996: 'strcpy': This function or variable may be unsafe. Consider using strcpy_s instead. To disable deprecation, use _CRT_SECURE_NO_WARNINGS. See online help for details.
c:\users\xiangyang he\source\repos\studentmanagement\studentmanagement\submission.h(269): error C4996: 'strcpy': This function or variable may be unsafe. Consider using strcpy_s instead. To disable deprecation, use _CRT_SECURE_NO_WARNINGS. See online help for details.
c:\users\xiangyang he\source\repos\studentmanagement\studentmanagement\submission.h(270): error C4996: 'strcpy': This function or variable may be unsafe. Consider using strcpy_s instead. To disable deprecation, use _CRT_SECURE_NO_WARNINGS. See online help for details.
c:\users\xiangyang he\source\repos\studentmanagement\studentmanagement\submission.h(271): error C4996: 'strcpy': This function or variable may be unsafe. Consider using strcpy_s instead. To disable deprecation, use _CRT_SECURE_NO_WARNINGS. See online help for details.
c:\users\xiangyang he\source\repos\studentmanagement\studentmanagement\submission.h(280): error C4996: 'fopen': This function or variable may be unsafe. Consider using fopen_s instead. To disable deprecation, use _CRT_SECURE_NO_WARNINGS. See online help for details.
  d:\windows kits\10\include\10.0.17763.0\ucrt\stdio.h(208): note: 参见“fopen”的声明
c:\users\xiangyang he\source\repos\studentmanagement\studentmanagement\source.c(44): error C4996: 'scanf': This function or variable may be unsafe. Consider using scanf_s instead. To disable deprecation, use _CRT_SECURE_NO_WARNINGS. See online help for details.
  d:\windows kits\10\include\10.0.17763.0\ucrt\stdio.h(1274): note: 参见“scanf”的声明
c:\users\xiangyang he\source\repos\studentmanagement\studentmanagement\source.c(52): error C4996: 'scanf': This function or variable may be unsafe. Consider using scanf_s instead. To disable deprecation, use _CRT_SECURE_NO_WARNINGS. See online help for details.
  d:\windows kits\10\include\10.0.17763.0\ucrt\stdio.h(1274): note: 参见“scanf”的声明
c:\users\xiangyang he\source\repos\studentmanagement\studentmanagement\source.c(59): error C4996: 'scanf': This function or variable may be unsafe. Consider using scanf_s instead. To disable deprecation, use _CRT_SECURE_NO_WARNINGS. See online help for details.
  d:\windows kits\10\include\10.0.17763.0\ucrt\stdio.h(1274): note: 参见“scanf”的声明
c:\users\xiangyang he\source\repos\studentmanagement\studentmanagement\source.c(67): error C4996: 'scanf': This function or variable may be unsafe. Consider using scanf_s instead. To disable deprecation, use _CRT_SECURE_NO_WARNINGS. See online help for details.
  d:\windows kits\10\include\10.0.17763.0\ucrt\stdio.h(1274): note: 参见“scanf”的声明
c:\users\xiangyang he\source\repos\studentmanagement\studentmanagement\source.c(70): error C4996: 'scanf': This function or variable may be unsafe. Consider using scanf_s instead. To disable deprecation, use _CRT_SECURE_NO_WARNINGS. See online help for details.
  d:\windows kits\10\include\10.0.17763.0\ucrt\stdio.h(1274): note: 参见“scanf”的声明
c:\users\xiangyang he\source\repos\studentmanagement\studentmanagement\source.c(76): error C4996: 'scanf': This function or variable may be unsafe. Consider using scanf_s instead. To disable deprecation, use _CRT_SECURE_NO_WARNINGS. See online help for details.
  d:\windows kits\10\include\10.0.17763.0\ucrt\stdio.h(1274): note: 参见“scanf”的声明
c:\users\xiangyang he\source\repos\studentmanagement\studentmanagement\source.c(106): error C4996: 'scanf': This function or variable may be unsafe. Consider using scanf_s instead. To disable deprecation, use _CRT_SECURE_NO_WARNINGS. See online help for details.
  d:\windows kits\10\include\10.0.17763.0\ucrt\stdio.h(1274): note: 参见“scanf”的声明
c:\users\xiangyang he\source\repos\studentmanagement\studentmanagement\source.c(118): error C4996: 'scanf': This function or variable may be unsafe. Consider using scanf_s instead. To disable deprecation, use _CRT_SECURE_NO_WARNINGS. See online help for details.
  d:\windows kits\10\include\10.0.17763.0\ucrt\stdio.h(1274): note: 参见“scanf”的声明
c:\users\xiangyang he\source\repos\studentmanagement\studentmanagement\source.c(120): error C4996: 'scanf': This function or variable may be unsafe. Consider using scanf_s instead. To disable deprecation, use _CRT_SECURE_NO_WARNINGS. See online help for details.
  d:\windows kits\10\include\10.0.17763.0\ucrt\stdio.h(1274): note: 参见“scanf”的声明
c:\users\xiangyang he\source\repos\studentmanagement\studentmanagement\source.c(122): error C4996: 'scanf': This function or variable may be unsafe. Consider using scanf_s instead. To disable deprecation, use _CRT_SECURE_NO_WARNINGS. See online help for details.
  d:\windows kits\10\include\10.0.17763.0\ucrt\stdio.h(1274): note: 参见“scanf”的声明
c:\users\xiangyang he\source\repos\studentmanagement\studentmanagement\source.c(129): error C4996: 'scanf': This function or variable may be unsafe. Consider using scanf_s instead. To disable deprecation, use _CRT_SECURE_NO_WARNINGS. See online help for details.
  d:\windows kits\10\include\10.0.17763.0\ucrt\stdio.h(1274): note: 参见“scanf”的声明
c:\users\xiangyang he\source\repos\studentmanagement\studentmanagement\source.c(137): error C4996: 'scanf': This function or variable may be unsafe. Consider using scanf_s instead. To disable deprecation, use _CRT_SECURE_NO_WARNINGS. See online help for details.
  d:\windows kits\10\include\10.0.17763.0\ucrt\stdio.h(1274): note: 参见“scanf”的声明
c:\users\xiangyang he\source\repos\studentmanagement\studentmanagement\source.c(139): error C4996: 'scanf': This function or variable may be unsafe. Consider using scanf_s instead. To disable deprecation, use _CRT_SECURE_NO_WARNINGS. See online help for details.
  d:\windows kits\10\include\10.0.17763.0\ucrt\stdio.h(1274): note: 参见“scanf”的声明
c:\users\xiangyang he\source\repos\studentmanagement\studentmanagement\source.c(141): error C4996: 'scanf': This function or variable may be unsafe. Consider using scanf_s instead. To disable deprecation, use _CRT_SECURE_NO_WARNINGS. See online help for details.
  d:\windows kits\10\include\10.0.17763.0\ucrt\stdio.h(1274): note: 参见“scanf”的声明
c:\users\xiangyang he\source\repos\studentmanagement\studentmanagement\source.c(148): error C4996: 'scanf': This function or variable may be unsafe. Consider using scanf_s instead. To disable deprecation, use _CRT_SECURE_NO_WARNINGS. See online help for details.
  d:\windows kits\10\include\10.0.17763.0\ucrt\stdio.h(1274): note: 参见“scanf”的声明
c:\users\xiangyang he\source\repos\studentmanagement\studentmanagement\source.c(107): warning C4101: “student_id”: 未引用的局部变量
c:\users\xiangyang he\source\repos\studentmanagement\studentmanagement\source.c(109): warning C4101: “student_cls”: 未引用的局部变量
c:\users\xiangyang he\source\repos\studentmanagement\studentmanagement\source.c(108): warning C4101: “student_name”: 未引用的局部变量
c:\users\xiangyang he\source\repos\studentmanagement\studentmanagement\source.c(179): error C4996: 'scanf': This function or variable may be unsafe. Consider using scanf_s instead. To disable deprecation, use _CRT_SECURE_NO_WARNINGS. See online help for details.
  d:\windows kits\10\include\10.0.17763.0\ucrt\stdio.h(1274): note: 参见“scanf”的声明
c:\users\xiangyang he\source\repos\studentmanagement\studentmanagement\source.c(212): error C4996: 'scanf': This function or variable may be unsafe. Consider using scanf_s instead. To disable deprecation, use _CRT_SECURE_NO_WARNINGS. See online help for details.
  d:\windows kits\10\include\10.0.17763.0\ucrt\stdio.h(1274): note: 参见“scanf”的声明
c:\users\xiangyang he\source\repos\studentmanagement\studentmanagement\source.c(250): error C4996: 'scanf': This function or variable may be unsafe. Consider using scanf_s instead. To disable deprecation, use _CRT_SECURE_NO_WARNINGS. See online help for details.
  d:\windows kits\10\include\10.0.17763.0\ucrt\stdio.h(1274): note: 参见“scanf”的声明
c:\users\xiangyang he\source\repos\studentmanagement\studentmanagement\source.c(276): error C4996: 'scanf': This function or variable may be unsafe. Consider using scanf_s instead. To disable deprecation, use _CRT_SECURE_NO_WARNINGS. See online help for details.
  d:\windows kits\10\include\10.0.17763.0\ucrt\stdio.h(1274): note: 参见“scanf”的声明
c:\users\xiangyang he\source\repos\studentmanagement\studentmanagement\source.c(288): error C4996: 'scanf': This function or variable may be unsafe. Consider using scanf_s instead. To disable deprecation, use _CRT_SECURE_NO_WARNINGS. See online help for details.
  d:\windows kits\10\include\10.0.17763.0\ucrt\stdio.h(1274): note: 参见“scanf”的声明
c:\users\xiangyang he\source\repos\studentmanagement\studentmanagement\source.c(294): error C4996: 'scanf': This function or variable may be unsafe. Consider using scanf_s instead. To disable deprecation, use _CRT_SECURE_NO_WARNINGS. See online help for details.
  d:\windows kits\10\include\10.0.17763.0\ucrt\stdio.h(1274): note: 参见“scanf”的声明
c:\users\xiangyang he\source\repos\studentmanagement\studentmanagement\source.c(297): error C4996: 'scanf': This function or variable may be unsafe. Consider using scanf_s instead. To disable deprecation, use _CRT_SECURE_NO_WARNINGS. See online help for details.
  d:\windows kits\10\include\10.0.17763.0\ucrt\stdio.h(1274): note: 参见“scanf”的声明
c:\users\xiangyang he\source\repos\studentmanagement\studentmanagement\source.c(334): error C4996: 'scanf': This function or variable may be unsafe. Consider using scanf_s instead. To disable deprecation, use _CRT_SECURE_NO_WARNINGS. See online help for details.
  d:\windows kits\10\include\10.0.17763.0\ucrt\stdio.h(1274): note: 参见“scanf”的声明
c:\users\xiangyang he\source\repos\studentmanagement\studentmanagement\source.c(346): error C4996: 'scanf': This function or variable may be unsafe. Consider using scanf_s instead. To disable deprecation, use _CRT_SECURE_NO_WARNINGS. See online help for details.
  d:\windows kits\10\include\10.0.17763.0\ucrt\stdio.h(1274): note: 参见“scanf”的声明
c:\users\xiangyang he\source\repos\studentmanagement\studentmanagement\source.c(348): error C4996: 'scanf': This function or variable may be unsafe. Consider using scanf_s instead. To disable deprecation, use _CRT_SECURE_NO_WARNINGS. See online help for details.
  d:\windows kits\10\include\10.0.17763.0\ucrt\stdio.h(1274): note: 参见“scanf”的声明
c:\users\xiangyang he\source\repos\studentmanagement\studentmanagement\source.c(350): error C4996: 'scanf': This function or variable may be unsafe. Consider using scanf_s instead. To disable deprecation, use _CRT_SECURE_NO_WARNINGS. See online help for details.
  d:\windows kits\10\include\10.0.17763.0\ucrt\stdio.h(1274): note: 参见“scanf”的声明
c:\users\xiangyang he\source\repos\studentmanagement\studentmanagement\source.c(353): error C4996: 'scanf': This function or variable may be unsafe. Consider using scanf_s instead. To disable deprecation, use _CRT_SECURE_NO_WARNINGS. See online help for details.
  d:\windows kits\10\include\10.0.17763.0\ucrt\stdio.h(1274): note: 参见“scanf”的声明
c:\users\xiangyang he\source\repos\studentmanagement\studentmanagement\source.c(355): error C4996: 'scanf': This function or variable may be unsafe. Consider using scanf_s instead. To disable deprecation, use _CRT_SECURE_NO_WARNINGS. See online help for details.
  d:\windows kits\10\include\10.0.17763.0\ucrt\stdio.h(1274): note: 参见“scanf”的声明
c:\users\xiangyang he\source\repos\studentmanagement\studentmanagement\source.c(357): error C4996: 'scanf': This function or variable may be unsafe. Consider using scanf_s instead. To disable deprecation, use _CRT_SECURE_NO_WARNINGS. See online help for details.
  d:\windows kits\10\include\10.0.17763.0\ucrt\stdio.h(1274): note: 参见“scanf”的声明
c:\users\xiangyang he\source\repos\studentmanagement\studentmanagement\source.c(359): error C4996: 'scanf': This function or variable may be unsafe. Consider using scanf_s instead. To disable deprecation, use _CRT_SECURE_NO_WARNINGS. See online help for details.
  d:\windows kits\10\include\10.0.17763.0\ucrt\stdio.h(1274): note: 参见“scanf”的声明
c:\users\xiangyang he\source\repos\studentmanagement\studentmanagement\source.c(367): error C4996: 'scanf': This function or variable may be unsafe. Consider using scanf_s instead. To disable deprecation, use _CRT_SECURE_NO_WARNINGS. See online help for details.
  d:\windows kits\10\include\10.0.17763.0\ucrt\stdio.h(1274): note: 参见“scanf”的声明
c:\users\xiangyang he\source\repos\studentmanagement\studentmanagement\source.c(376): error C4996: 'scanf': This function or variable may be unsafe. Consider using scanf_s instead. To disable deprecation, use _CRT_SECURE_NO_WARNINGS. See online help for details.
  d:\windows kits\10\include\10.0.17763.0\ucrt\stdio.h(1274): note: 参见“scanf”的声明
c:\users\xiangyang he\source\repos\studentmanagement\studentmanagement\source.c(378): error C4996: 'scanf': This function or variable may be unsafe. Consider using scanf_s instead. To disable deprecation, use _CRT_SECURE_NO_WARNINGS. See online help for details.
  d:\windows kits\10\include\10.0.17763.0\ucrt\stdio.h(1274): note: 参见“scanf”的声明
c:\users\xiangyang he\source\repos\studentmanagement\studentmanagement\source.c(380): error C4996: 'scanf': This function or variable may be unsafe. Consider using scanf_s instead. To disable deprecation, use _CRT_SECURE_NO_WARNINGS. See online help for details.
  d:\windows kits\10\include\10.0.17763.0\ucrt\stdio.h(1274): note: 参见“scanf”的声明
c:\users\xiangyang he\source\repos\studentmanagement\studentmanagement\source.c(383): error C4996: 'scanf': This function or variable may be unsafe. Consider using scanf_s instead. To disable deprecation, use _CRT_SECURE_NO_WARNINGS. See online help for details.
  d:\windows kits\10\include\10.0.17763.0\ucrt\stdio.h(1274): note: 参见“scanf”的声明
c:\users\xiangyang he\source\repos\studentmanagement\studentmanagement\source.c(385): error C4996: 'scanf': This function or variable may be unsafe. Consider using scanf_s instead. To disable deprecation, use _CRT_SECURE_NO_WARNINGS. See online help for details.
  d:\windows kits\10\include\10.0.17763.0\ucrt\stdio.h(1274): note: 参见“scanf”的声明
c:\users\xiangyang he\source\repos\studentmanagement\studentmanagement\source.c(387): error C4996: 'scanf': This function or variable may be unsafe. Consider using scanf_s instead. To disable deprecation, use _CRT_SECURE_NO_WARNINGS. See online help for details.
  d:\windows kits\10\include\10.0.17763.0\ucrt\stdio.h(1274): note: 参见“scanf”的声明
c:\users\xiangyang he\source\repos\studentmanagement\studentmanagement\source.c(389): error C4996: 'scanf': This function or variable may be unsafe. Consider using scanf_s instead. To disable deprecation, use _CRT_SECURE_NO_WARNINGS. See online help for details.
  d:\windows kits\10\include\10.0.17763.0\ucrt\stdio.h(1274): note: 参见“scanf”的声明
c:\users\xiangyang he\source\repos\studentmanagement\studentmanagement\source.c(396): error C4996: 'scanf': This function or variable may be unsafe. Consider using scanf_s instead. To disable deprecation, use _CRT_SECURE_NO_WARNINGS. See online help for details.
  d:\windows kits\10\include\10.0.17763.0\ucrt\stdio.h(1274): note: 参见“scanf”的声明
c:\users\xiangyang he\source\repos\studentmanagement\studentmanagement\source.c(429): error C4996: 'scanf': This function or variable may be unsafe. Consider using scanf_s instead. To disable deprecation, use _CRT_SECURE_NO_WARNINGS. See online help for details.
  d:\windows kits\10\include\10.0.17763.0\ucrt\stdio.h(1274): note: 参见“scanf”的声明
c:\users\xiangyang he\source\repos\studentmanagement\studentmanagement\source.c(437): error C4996: 'scanf': This function or variable may be unsafe. Consider using scanf_s instead. To disable deprecation, use _CRT_SECURE_NO_WARNINGS. See online help for details.
  d:\windows kits\10\include\10.0.17763.0\ucrt\stdio.h(1274): note: 参见“scanf”的声明
c:\users\xiangyang he\source\repos\studentmanagement\studentmanagement\source.c(440): error C4996: 'scanf': This function or variable may be unsafe. Consider using scanf_s instead. To disable deprecation, use _CRT_SECURE_NO_WARNINGS. See online help for details.
  d:\windows kits\10\include\10.0.17763.0\ucrt\stdio.h(1274): note: 参见“scanf”的声明
c:\users\xiangyang he\source\repos\studentmanagement\studentmanagement\source.c(446): error C4996: 'scanf': This function or variable may be unsafe. Consider using scanf_s instead. To disable deprecation, use _CRT_SECURE_NO_WARNINGS. See online help for details.
  d:\windows kits\10\include\10.0.17763.0\ucrt\stdio.h(1274): note: 参见“scanf”的声明
c:\users\xiangyang he\source\repos\studentmanagement\studentmanagement\source.c(455): error C4996: 'scanf': This function or variable may be unsafe. Consider using scanf_s instead. To disable deprecation, use _CRT_SECURE_NO_WARNINGS. See online help for details.
  d:\windows kits\10\include\10.0.17763.0\ucrt\stdio.h(1274): note: 参见“scanf”的声明
c:\users\xiangyang he\source\repos\studentmanagement\studentmanagement\source.c(482): error C4996: 'scanf': This function or variable may be unsafe. Consider using scanf_s instead. To disable deprecation, use _CRT_SECURE_NO_WARNINGS. See online help for details.
  d:\windows kits\10\include\10.0.17763.0\ucrt\stdio.h(1274): note: 参见“scanf”的声明
c:\users\xiangyang he\source\repos\studentmanagement\studentmanagement\source.c(483): warning C4101: “t”: 未引用的局部变量
c:\users\xiangyang he\source\repos\studentmanagement\studentmanagement\source.c(528): error C4996: 'scanf': This function or variable may be unsafe. Consider using scanf_s instead. To disable deprecation, use _CRT_SECURE_NO_WARNINGS. See online help for details.
  d:\windows kits\10\include\10.0.17763.0\ucrt\stdio.h(1274): note: 参见“scanf”的声明
c:\users\xiangyang he\source\repos\studentmanagement\studentmanagement\source.c(538): error C4996: 'scanf': This function or variable may be unsafe. Consider using scanf_s instead. To disable deprecation, use _CRT_SECURE_NO_WARNINGS. See online help for details.
  d:\windows kits\10\include\10.0.17763.0\ucrt\stdio.h(1274): note: 参见“scanf”的声明
c:\users\xiangyang he\source\repos\studentmanagement\studentmanagement\source.c(540): error C4996: 'scanf': This function or variable may be unsafe. Consider using scanf_s instead. To disable deprecation, use _CRT_SECURE_NO_WARNINGS. See online help for details.
  d:\windows kits\10\include\10.0.17763.0\ucrt\stdio.h(1274): note: 参见“scanf”的声明
c:\users\xiangyang he\source\repos\studentmanagement\studentmanagement\source.c(542): error C4996: 'scanf': This function or variable may be unsafe. Consider using scanf_s instead. To disable deprecation, use _CRT_SECURE_NO_WARNINGS. See online help for details.
  d:\windows kits\10\include\10.0.17763.0\ucrt\stdio.h(1274): note: 参见“scanf”的声明
c:\users\xiangyang he\source\repos\studentmanagement\studentmanagement\source.c(545): error C4996: 'scanf': This function or variable may be unsafe. Consider using scanf_s instead. To disable deprecation, use _CRT_SECURE_NO_WARNINGS. See online help for details.
  d:\windows kits\10\include\10.0.17763.0\ucrt\stdio.h(1274): note: 参见“scanf”的声明
c:\users\xiangyang he\source\repos\studentmanagement\studentmanagement\source.c(547): error C4996: 'scanf': This function or variable may be unsafe. Consider using scanf_s instead. To disable deprecation, use _CRT_SECURE_NO_WARNINGS. See online help for details.
  d:\windows kits\10\include\10.0.17763.0\ucrt\stdio.h(1274): note: 参见“scanf”的声明
c:\users\xiangyang he\source\repos\studentmanagement\studentmanagement\source.c(549): error C4996: 'scanf': This function or variable may be unsafe. Consider using scanf_s instead. To disable deprecation, use _CRT_SECURE_NO_WARNINGS. See online help for details.
  d:\windows kits\10\include\10.0.17763.0\ucrt\stdio.h(1274): note: 参见“scanf”的声明
c:\users\xiangyang he\source\repos\studentmanagement\studentmanagement\source.c(551): error C4996: 'scanf': This function or variable may be unsafe. Consider using scanf_s instead. To disable deprecation, use _CRT_SECURE_NO_WARNINGS. See online help for details.
  d:\windows kits\10\include\10.0.17763.0\ucrt\stdio.h(1274): note: 参见“scanf”的声明
c:\users\xiangyang he\source\repos\studentmanagement\studentmanagement\source.c(560): error C4996: 'scanf': This function or variable may be unsafe. Consider using scanf_s instead. To disable deprecation, use _CRT_SECURE_NO_WARNINGS. See online help for details.
  d:\windows kits\10\include\10.0.17763.0\ucrt\stdio.h(1274): note: 参见“scanf”的声明
c:\users\xiangyang he\source\repos\studentmanagement\studentmanagement\source.c(562): error C4996: 'scanf': This function or variable may be unsafe. Consider using scanf_s instead. To disable deprecation, use _CRT_SECURE_NO_WARNINGS. See online help for details.
  d:\windows kits\10\include\10.0.17763.0\ucrt\stdio.h(1274): note: 参见“scanf”的声明
c:\users\xiangyang he\source\repos\studentmanagement\studentmanagement\source.c(573): error C4996: 'scanf': This function or variable may be unsafe. Consider using scanf_s instead. To disable deprecation, use _CRT_SECURE_NO_WARNINGS. See online help for details.
  d:\windows kits\10\include\10.0.17763.0\ucrt\stdio.h(1274): note: 参见“scanf”的声明
c:\users\xiangyang he\source\repos\studentmanagement\studentmanagement\source.c(575): error C4996: 'scanf': This function or variable may be unsafe. Consider using scanf_s instead. To disable deprecation, use _CRT_SECURE_NO_WARNINGS. See online help for details.
  d:\windows kits\10\include\10.0.17763.0\ucrt\stdio.h(1274): note: 参见“scanf”的声明
c:\users\xiangyang he\source\repos\studentmanagement\studentmanagement\source.c(577): error C4996: 'scanf': This function or variable may be unsafe. Consider using scanf_s instead. To disable deprecation, use _CRT_SECURE_NO_WARNINGS. See online help for details.
  d:\windows kits\10\include\10.0.17763.0\ucrt\stdio.h(1274): note: 参见“scanf”的声明
c:\users\xiangyang he\source\repos\studentmanagement\studentmanagement\source.c(580): error C4996: 'scanf': This function or variable may be unsafe. Consider using scanf_s instead. To disable deprecation, use _CRT_SECURE_NO_WARNINGS. See online help for details.
  d:\windows kits\10\include\10.0.17763.0\ucrt\stdio.h(1274): note: 参见“scanf”的声明
c:\users\xiangyang he\source\repos\studentmanagement\studentmanagement\source.c(582): error C4996: 'scanf': This function or variable may be unsafe. Consider using scanf_s instead. To disable deprecation, use _CRT_SECURE_NO_WARNINGS. See online help for details.
  d:\windows kits\10\include\10.0.17763.0\ucrt\stdio.h(1274): note: 参见“scanf”的声明
c:\users\xiangyang he\source\repos\studentmanagement\studentmanagement\source.c(584): error C4996: 'scanf': This function or variable may be unsafe. Consider using scanf_s instead. To disable deprecation, use _CRT_SECURE_NO_WARNINGS. See online help for details.
  d:\windows kits\10\include\10.0.17763.0\ucrt\stdio.h(1274): note: 参见“scanf”的声明
c:\users\xiangyang he\source\repos\studentmanagement\studentmanagement\source.c(586): error C4996: 'scanf': This function or variable may be unsafe. Consider using scanf_s instead. To disable deprecation, use _CRT_SECURE_NO_WARNINGS. See online help for details.
  d:\windows kits\10\include\10.0.17763.0\ucrt\stdio.h(1274): note: 参见“scanf”的声明
c:\users\xiangyang he\source\repos\studentmanagement\studentmanagement\source.c(615): error C4996: 'scanf': This function or variable may be unsafe. Consider using scanf_s instead. To disable deprecation, use _CRT_SECURE_NO_WARNINGS. See online help for details.
  d:\windows kits\10\include\10.0.17763.0\ucrt\stdio.h(1274): note: 参见“scanf”的声明
c:\users\xiangyang he\source\repos\studentmanagement\studentmanagement\source.c(645): error C4996: 'scanf': This function or variable may be unsafe. Consider using scanf_s instead. To disable deprecation, use _CRT_SECURE_NO_WARNINGS. See online help for details.
  d:\windows kits\10\include\10.0.17763.0\ucrt\stdio.h(1274): note: 参见“scanf”的声明
c:\users\xiangyang he\source\repos\studentmanagement\studentmanagement\source.c(675): error C4996: 'scanf': This function or variable may be unsafe. Consider using scanf_s instead. To disable deprecation, use _CRT_SECURE_NO_WARNINGS. See online help for details.
  d:\windows kits\10\include\10.0.17763.0\ucrt\stdio.h(1274): note: 参见“scanf”的声明
c:\users\xiangyang he\source\repos\studentmanagement\studentmanagement\source.c(698): error C4996: 'scanf': This function or variable may be unsafe. Consider using scanf_s instead. To disable deprecation, use _CRT_SECURE_NO_WARNINGS. See online help for details.
  d:\windows kits\10\include\10.0.17763.0\ucrt\stdio.h(1274): note: 参见“scanf”的声明
c:\users\xiangyang he\source\repos\studentmanagement\studentmanagement\source.c(709): error C4996: 'scanf': This function or variable may be unsafe. Consider using scanf_s instead. To disable deprecation, use _CRT_SECURE_NO_WARNINGS. See online help for details.
  d:\windows kits\10\include\10.0.17763.0\ucrt\stdio.h(1274): note: 参见“scanf”的声明
c:\users\xiangyang he\source\repos\studentmanagement\studentmanagement\source.c(739): error C4996: 'scanf': This function or variable may be unsafe. Consider using scanf_s instead. To disable deprecation, use _CRT_SECURE_NO_WARNINGS. See online help for details.
  d:\windows kits\10\include\10.0.17763.0\ucrt\stdio.h(1274): note: 参见“scanf”的声明
